19:29:47: Creating resource group General
19:29:47: Creating resource group Internal
19:29:47: Creating resource group Autodetect
19:29:47: SceneManagerFactory for type 'DefaultSceneManager' registered.
19:29:47: Registering ResourceManager for type Material
19:29:47: Registering ResourceManager for type Mesh
19:29:47: Registering ResourceManager for type Skeleton
19:29:47: MovableObjectFactory for type 'ParticleSystem' registered.
19:29:47: OverlayElementFactory for type Panel registered.
19:29:47: OverlayElementFactory for type BorderPanel registered.
19:29:47: OverlayElementFactory for type TextArea registered.
19:29:47: Registering ResourceManager for type Font
19:29:47: ArchiveFactory for archive type FileSystem registered.
19:29:47: ArchiveFactory for archive type Zip registered.
19:29:47: DDS codec registering
19:29:47: FreeImage version: 3.10.0
19:29:47: This program uses FreeImage, a free, open source image library supporting all common bitmap formats. See http://freeimage.sourceforge.net for details
19:29:47: Supported formats: bmp,ico,jpg,jif,jpeg,jpe,jng,koa,iff,lbm,mng,pbm,pbm,pcd,pcx,pgm,pgm,png,ppm,ppm,ras,tga,targa,tif,tiff,wap,wbmp,wbm,psd,cut,xbm,xpm,gif,hdr,g3,sgi,exr,j2k,j2c,jp2
19:29:47: Registering ResourceManager for type HighLevelGpuProgram
19:29:47: Registering ResourceManager for type Compositor
19:29:47: MovableObjectFactory for type 'Entity' registered.
19:29:47: MovableObjectFactory for type 'Light' registered.
19:29:47: MovableObjectFactory for type 'BillboardSet' registered.
19:29:47: MovableObjectFactory for type 'ManualObject' registered.
19:29:47: MovableObjectFactory for type 'BillboardChain' registered.
19:29:47: MovableObjectFactory for type 'RibbonTrail' registered.
19:29:47: Loading library /usr/lib/OGRE/RenderSystem_GL.so
19:29:47: Installing plugin: GL RenderSystem
19:29:47: OpenGL Rendering Subsystem created.
19:29:47: Plugin successfully installed
19:29:47: Loading library /usr/lib/OGRE/Plugin_OctreeSceneManager.so
19:29:47: Installing plugin: Octree & Terrain Scene Manager
19:29:47: Plugin successfully installed
19:29:47: *-*-* OGRE Initialising
19:29:47: *-*-* Version 1.7.3 (Cthugha)
19:29:47: Creating resource group Bootstrap
19:29:47: Added resource location '../Media/packs/OgreCore.zip' of type 'Zip' to resource group 'Bootstrap'
19:29:47: Added resource location '../Media' of type 'FileSystem' to resource group 'General'
19:29:47: Added resource location '../Media/materials/programs' of type 'FileSystem' to resource group 'General'
19:29:47: Added resource location '../Media/materials/scripts' of type 'FileSystem' to resource group 'General'
19:29:47: Added resource location '../Media/materials/textures' of type 'FileSystem' to resource group 'General'
19:29:47: Added resource location '../Media/models' of type 'FileSystem' to resource group 'General'
19:29:47: Added resource location '../Media/packs/SkyBoxes.zip' of type 'Zip' to resource group 'General'
19:29:47: Creating resource group Hydrax
19:29:47: Added resource location '../Media/Hydrax' of type 'FileSystem' to resource group 'Hydrax'
19:29:48: CPU Identifier & Features
19:29:48: -------------------------
19:29:48:  *   CPU ID: GenuineIntel: Intel(R) Core(TM)2 Quad CPU    Q8200  @ 2.33GHz
19:29:48:  *      SSE: yes
19:29:48:  *     SSE2: yes
19:29:48:  *     SSE3: yes
19:29:48:  *      MMX: yes
19:29:48:  *   MMXEXT: yes
19:29:48:  *    3DNOW: no
19:29:48:  * 3DNOWEXT: no
19:29:48:  *     CMOV: yes
19:29:48:  *      TSC: yes
19:29:48:  *      FPU: yes
19:29:48:  *      PRO: yes
19:29:48:  *       HT: no
19:29:48: -------------------------
19:29:48: ******************************
*** Starting GLX Subsystem ***
******************************
19:29:48: GLRenderSystem::_createRenderWindow "OGRE Render Window", 1024x768 windowed  miscParams: FSAA=0 displayFrequency=50 MHz gamma=No vsync=No 
19:29:48: OGRE EXCEPTION(6:FileNotFoundException): Cannot locate resource GLX_icon.png in resource group General or any other group. in ResourceGroupManager::openResource at /home/Ogre-Engine/1.7.3/OgreMain/src/OgreResourceGroupManager.cpp (line 753)
19:29:48: GLXWindow::create used FBConfigID = 117
19:29:48: GL_VERSION = 3.3.0 NVIDIA 295.40
19:29:48: GL_VENDOR = NVIDIA Corporation
19:29:48: GL_RENDERER = GeForce GTX 295/PCIe/SSE2
19:29:48: GL_EXTENSIONS = GL_ARB_base_instance GL_ARB_blend_func_extended GL_ARB_color_buffer_float GL_ARB_compatibility GL_ARB_compressed_texture_pixel_storage GL_ARB_conservative_depth GL_ARB_copy_buffer GL_ARB_depth_buffer_float GL_ARB_depth_clamp GL_ARB_depth_texture GL_ARB_draw_buffers GL_ARB_draw_elements_base_vertex GL_ARB_draw_instanced GL_ARB_ES2_compatibility GL_ARB_explicit_attrib_location GL_ARB_fragment_coord_conventions GL_ARB_fragment_program GL_ARB_fragment_program_shadow GL_ARB_fragment_shader GL_ARB_framebuffer_object GL_ARB_framebuffer_sRGB GL_ARB_geometry_shader4 GL_ARB_get_program_binary GL_ARB_half_float_pixel GL_ARB_half_float_vertex GL_ARB_imaging GL_ARB_instanced_arrays GL_ARB_internalformat_query GL_ARB_map_buffer_alignment GL_ARB_map_buffer_range GL_ARB_multisample GL_ARB_multitexture GL_ARB_occlusion_query GL_ARB_occlusion_query2 GL_ARB_pixel_buffer_object GL_ARB_point_parameters GL_ARB_point_sprite GL_ARB_provoking_vertex GL_ARB_robustness GL_ARB_sampler_objects GL_ARB_seamless_cube_map GL_ARB_separate_shader_objects GL_ARB_shader_bit_encoding GL_ARB_shader_objects GL_ARB_shading_language_100 GL_ARB_shading_language_420pack GL_ARB_shading_language_include GL_ARB_shading_language_packing GL_ARB_shadow GL_ARB_sync GL_ARB_texture_border_clamp GL_ARB_texture_buffer_object GL_ARB_texture_compression GL_ARB_texture_compression_rgtc GL_ARB_texture_cube_map GL_ARB_texture_env_add GL_ARB_texture_env_combine GL_ARB_texture_env_crossbar GL_ARB_texture_env_dot3 GL_ARB_texture_float GL_ARB_texture_mirrored_repeat GL_ARB_texture_multisample GL_ARB_texture_non_power_of_two GL_ARB_texture_rectangle GL_ARB_texture_rg GL_ARB_texture_rgb10_a2ui GL_ARB_texture_storage GL_ARB_texture_swizzle GL_ARB_timer_query GL_ARB_transform_feedback2 GL_ARB_transform_feedback_instanced GL_ARB_transpose_matrix GL_ARB_uniform_buffer_object GL_ARB_vertex_array_bgra GL_ARB_vertex_array_object GL_ARB_vertex_buffer_object GL_ARB_vertex_program GL_ARB_vertex_shader GL_ARB_vertex_type_2_10_10_10_rev GL_ARB_viewport_array GL_ARB_window_pos GL_ATI_draw_buffers GL_ATI_texture_float GL_ATI_texture_mirror_once GL_S3_s3tc GL_EXT_texture_env_add GL_EXT_abgr GL_EXT_bgra GL_EXT_bindable_uniform GL_EXT_blend_color GL_EXT_blend_equation_separate GL_EXT_blend_func_separate GL_EXT_blend_minmax GL_EXT_blend_subtract GL_EXT_compiled_vertex_array GL_EXT_Cg_shader GL_EXT_depth_bounds_test GL_EXT_direct_state_access GL_EXT_draw_buffers2 GL_EXT_draw_instanced GL_EXT_draw_range_elements GL_EXT_fog_coord GL_EXT_framebuffer_blit GL_EXT_framebuffer_multisample GL_EXTX_framebuffer_mixed_formats GL_EXT_framebuffer_object GL_EXT_framebuffer_sRGB GL_EXT_geometry_shader4 GL_EXT_gpu_program_parameters GL_EXT_gpu_shader4 GL_EXT_multi_draw_arrays GL_EXT_packed_depth_stencil GL_EXT_packed_float GL_EXT_packed_pixels GL_EXT_pixel_buffer_object GL_EXT_point_parameters GL_EXT_provoking_vertex GL_EXT_rescale_normal GL_EXT_secondary_color GL_EXT_separate_shader_objects GL_EXT_separate_specular_color GL_EXT_shadow_funcs GL_EXT_stencil_two_side GL_EXT_stencil_wrap GL_EXT_texture3D GL_EXT_texture_array GL_EXT_texture_buffer_object GL_EXT_texture_compression_dxt1 GL_EXT_texture_compression_latc GL_EXT_texture_compression_rgtc GL_EXT_texture_compression_s3tc GL_EXT_texture_cube_map GL_EXT_texture_edge_clamp GL_EXT_texture_env_combine GL_EXT_texture_env_dot3 GL_EXT_texture_filter_anisotropic GL_EXT_texture_format_BGRA8888 GL_EXT_texture_integer GL_EXT_texture_lod GL_EXT_texture_lod_bias GL_EXT_texture_mirror_clamp GL_EXT_texture_object GL_EXT_texture_shared_exponent GL_EXT_texture_sRGB GL_EXT_texture_sRGB_decode GL_EXT_texture_storage GL_EXT_texture_swizzle GL_EXT_texture_type_2_10_10_10_REV GL_EXT_timer_query GL_EXT_transform_feedback2 GL_EXT_vertex_array GL_EXT_vertex_array_bgra GL_EXT_x11_sync_object GL_EXT_import_sync_object GL_IBM_rasterpos_clip GL_IBM_texture_mirrored_repeat GL_KTX_buffer_region GL_NV_alpha_test GL_NV_blend_minmax GL_NV_blend_square GL_NV_complex_primitives GL_NV_conditional_render GL_NV_copy_depth_to_color GL_NV_copy_image GL_NV_depth_buffer_float GL_NV_depth_clamp GL_NV_explicit_multisample GL_NV_fbo_color_attachments GL_NV_fence GL_NV_float_buffer GL_NV_fog_distance GL_NV_fragdepth GL_NV_fragment_program GL_NV_fragment_program_option GL_NV_fragment_program2 GL_NV_framebuffer_multisample_coverage GL_NV_geometry_shader4 GL_NV_gpu_program4 GL_NV_half_float GL_NV_light_max_exponent GL_NV_multisample_coverage GL_NV_multisample_filter_hint GL_NV_occlusion_query GL_NV_packed_depth_stencil GL_NV_parameter_buffer_object GL_NV_parameter_buffer_object2 GL_NV_path_rendering GL_NV_pixel_data_range GL_NV_point_sprite GL_NV_primitive_restart GL_NV_register_combiners GL_NV_register_combiners2 GL_NV_shader_buffer_load GL_NV_texgen_reflection GL_NV_texture_barrier GL_NV_texture_compression_vtc GL_NV_texture_env_combine4 GL_NV_texture_expand_normal GL_NV_texture_lod_clamp GL_NV_texture_multisample GL_NV_texture_rectangle GL_NV_texture_shader GL_NV_texture_shader2 GL_NV_texture_shader3 GL_NV_transform_feedback GL_NV_transform_feedback2 GL_NV_vdpau_interop GL_NV_vertex_array_range GL_NV_vertex_array_range2 GL_NV_vertex_buffer_unified_memory GL_NV_vertex_program GL_NV_vertex_program1_1 GL_NV_vertex_program2 GL_NV_vertex_program2_option GL_NV_vertex_program3 GL_NVX_conditional_render GL_NVX_gpu_memory_info GL_OES_depth24 GL_OES_depth32 GL_OES_depth_texture GL_OES_element_index_uint GL_OES_fbo_render_mipmap GL_OES_get_program_binary GL_OES_mapbuffer GL_OES_packed_depth_stencil GL_OES_rgb8_rgba8 GL_OES_standard_derivatives GL_OES_texture_3D GL_OES_texture_float GL_OES_texture_float_linear GL_OES_texture_half_float GL_OES_texture_half_float_linear GL_OES_texture_npot GL_OES_vertex_array_object GL_OES_vertex_half_float GL_SGIS_generate_mipmap GL_SGIS_texture_lod GL_SGIX_depth_texture GL_SGIX_shadow GL_SUN_slice_accum 
19:29:48: Supported GLX extensions: GLX_EXT_visual_info GLX_EXT_visual_rating GLX_SGIX_fbconfig GLX_SGIX_pbuffer GLX_SGI_video_sync GLX_SGI_swap_control GLX_EXT_swap_control GLX_EXT_texture_from_pixmap GLX_ARB_create_context GLX_ARB_create_context_profile GLX_EXT_create_context_es2_profile GLX_ARB_create_context_robustness GLX_ARB_multisample GLX_NV_float_buffer GLX_ARB_fbconfig_float GLX_EXT_framebuffer_sRGB GLX_ARB_get_proc_address 
19:29:48: ***************************
19:29:48: *** GL Renderer Started ***
19:29:48: ***************************
19:29:48: Registering ResourceManager for type GpuProgram
19:29:48: GLSL support detected
19:29:48: GL: Using GL_EXT_framebuffer_object for rendering to textures (best)
19:29:48: FBO PF_UNKNOWN depth/stencil support: D16S0 D24S0 D32S0 Packed-D24S8 
19:29:48: FBO PF_L8 depth/stencil support: D0S0 D16S0 D24S0 D32S0 Packed-D24S8 
19:29:48: FBO PF_A8 depth/stencil support: D0S0 D16S0 D24S0 D32S0 Packed-D24S8 
19:29:48: FBO PF_A4L4 depth/stencil support: D0S0 D16S0 D24S0 D32S0 Packed-D24S8 
19:29:48: FBO PF_BYTE_LA depth/stencil support: D0S0 D16S0 D24S0 D32S0 Packed-D24S8 
19:29:48: FBO PF_R5G6B5 depth/stencil support: D0S0 D16S0 D24S0 D32S0 Packed-D24S8 
19:29:48: FBO PF_B5G6R5 depth/stencil support: D0S0 D16S0 D24S0 D32S0 Packed-D24S8 
19:29:48: FBO PF_A4R4G4B4 depth/stencil support: D0S0 D16S0 D24S0 D32S0 Packed-D24S8 
19:29:48: FBO PF_A1R5G5B5 depth/stencil support: D0S0 D16S0 D24S0 D32S0 Packed-D24S8 
19:29:48: FBO PF_R8G8B8 depth/stencil support: D0S0 D16S0 D24S0 D32S0 Packed-D24S8 
19:29:48: FBO PF_B8G8R8 depth/stencil support: D0S0 D16S0 D24S0 D32S0 Packed-D24S8 
19:29:48: FBO PF_A8R8G8B8 depth/stencil support: D0S0 D16S0 D24S0 D32S0 Packed-D24S8 
19:29:48: FBO PF_B8G8R8A8 depth/stencil support: D0S0 D16S0 D24S0 D32S0 Packed-D24S8 
19:29:48: FBO PF_A2R10G10B10 depth/stencil support: D0S0 D16S0 D24S0 D32S0 Packed-D24S8 
19:29:48: FBO PF_A2B10G10R10 depth/stencil support: D0S0 D16S0 D24S0 D32S0 Packed-D24S8 
19:29:48: FBO PF_FLOAT16_RGB depth/stencil support: D0S0 D16S0 D24S0 D32S0 Packed-D24S8 
19:29:48: FBO PF_FLOAT16_RGBA depth/stencil support: D0S0 D16S0 D24S0 D32S0 Packed-D24S8 
19:29:48: FBO PF_FLOAT32_RGB depth/stencil support: D0S0 D16S0 D24S0 D32S0 Packed-D24S8 
19:29:48: FBO PF_FLOAT32_RGBA depth/stencil support: D0S0 D16S0 D24S0 D32S0 Packed-D24S8 
19:29:48: FBO PF_X8R8G8B8 depth/stencil support: D0S0 D16S0 D24S0 D32S0 Packed-D24S8 
19:29:48: FBO PF_X8B8G8R8 depth/stencil support: D0S0 D16S0 D24S0 D32S0 Packed-D24S8 
19:29:48: FBO PF_SHORT_RGBA depth/stencil support: D0S0 D16S0 D24S0 D32S0 Packed-D24S8 
19:29:48: FBO PF_R3G3B2 depth/stencil support: D0S0 D16S0 D24S0 D32S0 Packed-D24S8 
19:29:48: FBO PF_FLOAT16_R depth/stencil support: D0S0 D16S0 D24S0 D32S0 Packed-D24S8 
19:29:48: FBO PF_FLOAT32_R depth/stencil support: D0S0 D16S0 D24S0 D32S0 Packed-D24S8 
19:29:48: FBO PF_FLOAT16_GR depth/stencil support: D0S0 D16S0 D24S0 D32S0 Packed-D24S8 
19:29:48: FBO PF_FLOAT32_GR depth/stencil support: D0S0 D16S0 D24S0 D32S0 Packed-D24S8 
19:29:48: FBO PF_SHORT_RGB depth/stencil support: D0S0 D16S0 D24S0 D32S0 Packed-D24S8 
19:29:48: [GL] : Valid FBO targets PF_UNKNOWN PF_L8 PF_A8 PF_A4L4 PF_BYTE_LA PF_R5G6B5 PF_B5G6R5 PF_A4R4G4B4 PF_A1R5G5B5 PF_R8G8B8 PF_B8G8R8 PF_A8R8G8B8 PF_B8G8R8A8 PF_A2R10G10B10 PF_A2B10G10R10 PF_FLOAT16_RGB PF_FLOAT16_RGBA PF_FLOAT32_RGB PF_FLOAT32_RGBA PF_X8R8G8B8 PF_X8B8G8R8 PF_SHORT_RGBA PF_R3G3B2 PF_FLOAT16_R PF_FLOAT32_R PF_FLOAT16_GR PF_FLOAT32_GR PF_SHORT_RGB 
19:29:48: RenderSystem capabilities
19:29:48: -------------------------
19:29:48: RenderSystem Name: OpenGL Rendering Subsystem
19:29:48: GPU Vendor: nvidia
19:29:48: Device Name: GeForce GTX 295/PCIe/SSE2
19:29:48: Driver Version: 3.3.0.0
19:29:48:  * Fixed function pipeline: yes
19:29:48:  * Hardware generation of mipmaps: yes
19:29:48:  * Texture blending: yes
19:29:48:  * Anisotropic texture filtering: yes
19:29:48:  * Dot product texture operation: yes
19:29:48:  * Cube mapping: yes
19:29:48:  * Hardware stencil buffer: yes
19:29:48:    - Stencil depth: 8
19:29:48:    - Two sided stencil support: yes
19:29:48:    - Wrap stencil values: yes
19:29:48:  * Hardware vertex / index buffers: yes
19:29:48:  * Vertex programs: yes
19:29:48:  * Number of floating-point constants for vertex programs: 1024
19:29:48:  * Number of integer constants for vertex programs: 0
19:29:48:  * Number of boolean constants for vertex programs: 0
19:29:48:  * Fragment programs: yes
19:29:48:  * Number of floating-point constants for fragment programs: 512
19:29:48:  * Number of integer constants for fragment programs: 0
19:29:48:  * Number of boolean constants for fragment programs: 0
19:29:48:  * Geometry programs: yes
19:29:48:  * Number of floating-point constants for geometry programs: 512
19:29:48:  * Number of integer constants for geometry programs: 0
19:29:48:  * Number of boolean constants for geometry programs: 0
19:29:48:  * Supported Shader Profiles: arbfp1 arbvp1 fp20 fp30 fp40 glsl gp4gp gp4vp gpu_gp gpu_vp nvgp4 vp30 vp40
19:29:48:  * Texture Compression: yes
19:29:48:    - DXT: yes
19:29:48:    - VTC: yes
19:29:48:    - PVRTC: no
19:29:48:  * Scissor Rectangle: yes
19:29:48:  * Hardware Occlusion Query: yes
19:29:48:  * User clip planes: yes
19:29:48:  * VET_UBYTE4 vertex element type: yes
19:29:48:  * Infinite far plane projection: yes
19:29:48:  * Hardware render-to-texture: yes
19:29:48:  * Floating point textures: yes
19:29:48:  * Non-power-of-two textures: yes
19:29:48:  * Volume textures: yes
19:29:48:  * Multiple Render Targets: 8
19:29:48:    - With different bit depths: yes
19:29:48:  * Point Sprites: yes
19:29:48:  * Extended point parameters: yes
19:29:48:  * Max Point Size: 63.375
19:29:48:  * Vertex texture fetch: yes
19:29:48:  * Number of world matrices: 0
19:29:48:  * Number of texture units: 32
19:29:48:  * Stencil buffer depth: 8
19:29:48:  * Number of vertex blend matrices: 0
19:29:48:    - Max vertex textures: 32
19:29:48:    - Vertex textures shared: yes
19:29:48:  * Render to Vertex Buffer : yes
19:29:48:  * GL 1.5 without VBO workaround: no
19:29:48:  * Frame Buffer objects: yes
19:29:48:  * Frame Buffer objects (ARB extension): no
19:29:48:  * Frame Buffer objects (ATI extension): no
19:29:48:  * PBuffer support: yes
19:29:48:  * GL 1.5 without HW-occlusion workaround: no
19:29:48: Registering ResourceManager for type Texture
19:29:48: DefaultWorkQueue('Root') initialising on thread 0x1145800.
19:29:48: DefaultWorkQueue('Root')::WorkerFunc - thread 0x1409550 starting.
19:29:48: DefaultWorkQueue('Root')::WorkerFunc - thread 0x11b5770 starting.
19:29:48: DefaultWorkQueue('Root')::WorkerFunc - thread 0x14125c0 starting.
19:29:48: DefaultWorkQueue('Root')::WorkerFunc - thread 0x1403260 starting.
19:29:48: Particle Renderer Type 'billboard' registered
19:29:48: SceneManagerFactory for type 'OctreeSceneManager' registered.
19:29:48: SceneManagerFactory for type 'TerrainSceneManager' registered.
19:29:48: TerrainSceneManager: Registered a new PageSource for type Heightmap
19:29:48: Parsing scripts for resource group Autodetect
19:29:48: Finished parsing scripts for resource group Autodetect
19:29:48: Parsing scripts for resource group Bootstrap
19:29:48: Parsing script OgreCore.material
19:29:48: Parsing script OgreProfiler.material
19:29:48: Parsing script Ogre.fontdef
19:29:48: Parsing script OgreDebugPanel.overlay
19:29:48: Texture: New_Ogre_Border_Center.png: Loading 1 faces(PF_A8R8G8B8,256x128x1) with 5 generated mipmaps from Image. Internal format is PF_A8R8G8B8,256x128x1.
19:29:48: Texture: New_Ogre_Border.png: Loading 1 faces(PF_A8R8G8B8,256x256x1) with 5 generated mipmaps from Image. Internal format is PF_A8R8G8B8,256x256x1.
19:29:48: Texture: New_Ogre_Border_Break.png: Loading 1 faces(PF_A8R8G8B8,32x32x1) with 5 generated mipmaps from Image. Internal format is PF_A8R8G8B8,32x32x1.
19:29:48: Texture: ogretext.png: Loading 1 faces(PF_A8R8G8B8,256x128x1) with 5 generated mipmaps from Image. Internal format is PF_A8R8G8B8,256x128x1.
19:29:48: Parsing script OgreLoadingPanel.overlay
19:29:48: Finished parsing scripts for resource group Bootstrap
19:29:48: Parsing scripts for resource group General
19:29:48: Parsing script SkyBox.material
19:29:48: Parsing script Island.material
19:29:48: GLSL compiling: Island_FP_glsl
19:29:48: GLSL compiled : Island_FP_glsl
19:29:48: GLSL compiling: Island_VP_glsl
19:29:48: GLSL compiled : Island_VP_glsl
19:29:48: Parsing script Palm.material
19:29:48: GLSL compiling: Palm_FP_glsl
19:29:48: GLSL compiled : Palm_FP_glsl
19:29:48: GLSL compiling: Palm_VP_glsl
19:29:48: GLSL compiled : Palm_VP_glsl
19:29:48: Finished parsing scripts for resource group General
19:29:48: Parsing scripts for resource group Hydrax
19:29:48: Finished parsing scripts for resource group Hydrax
19:29:48: Parsing scripts for resource group Internal
19:29:48: Finished parsing scripts for resource group Internal
19:29:49: Texture: ct_fr.png: Loading 1 faces(PF_R8G8B8,512x512x1) with 5 generated mipmaps from Image. Internal format is PF_X8R8G8B8,512x512x1.
19:29:49: Texture: ct_bk.png: Loading 1 faces(PF_R8G8B8,512x512x1) with 5 generated mipmaps from Image. Internal format is PF_X8R8G8B8,512x512x1.
19:29:49: Texture: ct_lf.png: Loading 1 faces(PF_R8G8B8,512x512x1) with 5 generated mipmaps from Image. Internal format is PF_X8R8G8B8,512x512x1.
19:29:49: Texture: ct_rt.png: Loading 1 faces(PF_R8G8B8,512x512x1) with 5 generated mipmaps from Image. Internal format is PF_X8R8G8B8,512x512x1.
19:29:49: Texture: ct_up.png: Loading 1 faces(PF_R8G8B8,512x512x1) with 5 generated mipmaps from Image. Internal format is PF_X8R8G8B8,512x512x1.
19:29:49: Texture: ct_dn.png: Loading 1 faces(PF_R8G8B8,512x512x1) with 5 generated mipmaps from Image. Internal format is PF_X8R8G8B8,512x512x1.
19:29:49: [Hydrax] Hydrax created.
19:29:49: [Hydrax] HydrOCLDemo.hdx loaded.
19:29:49: GLSL compiling: _Hydrax_GodRays_VP
19:29:49: GLSL compiled : _Hydrax_GodRays_VP
19:29:49: GLSL compiling: _Hydrax_GodRays_FP
19:29:49: GLSL compiled : _Hydrax_GodRays_FP
19:29:49: [Hydrax] HydrOCL options entry found.
19:29:49: [Hydrax] 	Reading options...
19:29:49: [Hydrax] 	Options readed.
19:29:49: [Hydrax] HydrOCLPerlin options entry found.
19:29:49: [Hydrax] Creating module...
19:29:49: [Hydrax] Creating HydrOCL module.
19:29:49: [Hydrax] 	Initializating OpenCL...
19:29:49: [Hydrax] 		Found platform: NVIDIA CUDA
19:29:49: [Hydrax] 		Platform selected!
19:29:49: [Hydrax] 		Devices found:
19:29:49: [Hydrax] 			GeForce GTX 295
19:29:49: [Hydrax] 			GeForce GTX 295
19:29:49: [Hydrax] Loading ../Media/Hydrax/grid.cl::geometry...
19:29:49: [Hydrax] Loading ../Media/Hydrax/grid.cl::setBasePlane...
19:29:49: [Hydrax] Loading ../Media/Hydrax/grid.cl::copy...
19:29:49: [Hydrax] Loading ../Media/Hydrax/grid.cl::smooth...
19:29:49: [Hydrax] Loading ../Media/Hydrax/grid.cl::normals...
19:29:49: [Hydrax] Loading ../Media/Hydrax/grid.cl::choppyWaves...
19:29:49: [Hydrax] 	OpenCL ready to work!
19:29:49: [Hydrax] Loading ../Media/Hydrax/perlin.cl::height...
19:29:50: [Hydrax] HydrOCL created.
19:29:50: [Hydrax] Module created.
19:29:50: [Hydrax] Initializating RTT Manager...
19:29:50: [Hydrax] RTT manager initialized.
19:29:50: [Hydrax] Registring device restored listener...
19:29:50: [Hydrax] Device restored listener registred.
19:29:50: [Hydrax] Creating materials...
19:29:50: [Hydrax] Creating water material...
19:29:50: GLSL compiling: _Hydrax_Water_VP
19:29:50: GLSL compiled : _Hydrax_Water_VP
19:29:50: GLSL compiling: _Hydrax_Water_FP
19:29:50: GLSL compiled : _Hydrax_Water_FP
19:29:50: Texture: Fresnel.bmp: Loading 1 faces(PF_L8,256x1x1) with 5 generated mipmaps from Image. Internal format is PF_L8,256x1x1.
19:29:50: Texture: Foam.png: Loading 1 faces(PF_R8G8B8,512x512x1) with 5 generated mipmaps from Image. Internal format is PF_X8R8G8B8,512x512x1.
19:29:50: [Hydrax] Water material created.
19:29:50: [Hydrax] Creating depth material...
19:29:50: GLSL compiling: _Hydrax_Depth_VP
19:29:50: GLSL compiled : _Hydrax_Depth_VP
19:29:50: GLSL compiling: _Hydrax_Depth_FP
19:29:50: GLSL compiled : _Hydrax_Depth_FP
19:29:50: Texture: Caustics_0.bmp: Loading 1 faces(PF_R8G8B8,128x128x1) with 5 generated mipmaps from Image. Internal format is PF_X8R8G8B8,128x128x1.
19:29:50: Texture: Caustics_1.bmp: Loading 1 faces(PF_R8G8B8,128x128x1) with 5 generated mipmaps from Image. Internal format is PF_X8R8G8B8,128x128x1.
19:29:50: Texture: Caustics_2.bmp: Loading 1 faces(PF_R8G8B8,128x128x1) with 5 generated mipmaps from Image. Internal format is PF_X8R8G8B8,128x128x1.
19:29:50: Texture: Caustics_3.bmp: Loading 1 faces(PF_R8G8B8,128x128x1) with 5 generated mipmaps from Image. Internal format is PF_X8R8G8B8,128x128x1.
19:29:50: Texture: Caustics_4.bmp: Loading 1 faces(PF_R8G8B8,128x128x1) with 5 generated mipmaps from Image. Internal format is PF_X8R8G8B8,128x128x1.
19:29:50: Texture: Caustics_5.bmp: Loading 1 faces(PF_R8G8B8,128x128x1) with 5 generated mipmaps from Image. Internal format is PF_X8R8G8B8,128x128x1.
19:29:50: Texture: Caustics_6.bmp: Loading 1 faces(PF_R8G8B8,128x128x1) with 5 generated mipmaps from Image. Internal format is PF_X8R8G8B8,128x128x1.
19:29:50: Texture: Caustics_7.bmp: Loading 1 faces(PF_R8G8B8,128x128x1) with 5 generated mipmaps from Image. Internal format is PF_X8R8G8B8,128x128x1.
19:29:50: Texture: Caustics_8.bmp: Loading 1 faces(PF_R8G8B8,128x128x1) with 5 generated mipmaps from Image. Internal format is PF_X8R8G8B8,128x128x1.
19:29:50: Texture: Caustics_9.bmp: Loading 1 faces(PF_R8G8B8,128x128x1) with 5 generated mipmaps from Image. Internal format is PF_X8R8G8B8,128x128x1.
19:29:50: Texture: Caustics_10.bmp: Loading 1 faces(PF_R8G8B8,128x128x1) with 5 generated mipmaps from Image. Internal format is PF_X8R8G8B8,128x128x1.
19:29:50: Texture: Caustics_11.bmp: Loading 1 faces(PF_R8G8B8,128x128x1) with 5 generated mipmaps from Image. Internal format is PF_X8R8G8B8,128x128x1.
19:29:50: Texture: Caustics_12.bmp: Loading 1 faces(PF_R8G8B8,128x128x1) with 5 generated mipmaps from Image. Internal format is PF_X8R8G8B8,128x128x1.
19:29:50: Texture: Caustics_13.bmp: Loading 1 faces(PF_R8G8B8,128x128x1) with 5 generated mipmaps from Image. Internal format is PF_X8R8G8B8,128x128x1.
19:29:50: Texture: Caustics_14.bmp: Loading 1 faces(PF_R8G8B8,128x128x1) with 5 generated mipmaps from Image. Internal format is PF_X8R8G8B8,128x128x1.
19:29:50: Texture: Caustics_15.bmp: Loading 1 faces(PF_R8G8B8,128x128x1) with 5 generated mipmaps from Image. Internal format is PF_X8R8G8B8,128x128x1.
19:29:50: Texture: Caustics_16.bmp: Loading 1 faces(PF_R8G8B8,128x128x1) with 5 generated mipmaps from Image. Internal format is PF_X8R8G8B8,128x128x1.
19:29:50: Texture: Caustics_17.bmp: Loading 1 faces(PF_R8G8B8,128x128x1) with 5 generated mipmaps from Image. Internal format is PF_X8R8G8B8,128x128x1.
19:29:50: Texture: Caustics_18.bmp: Loading 1 faces(PF_R8G8B8,128x128x1) with 5 generated mipmaps from Image. Internal format is PF_X8R8G8B8,128x128x1.
19:29:50: Texture: Caustics_19.bmp: Loading 1 faces(PF_R8G8B8,128x128x1) with 5 generated mipmaps from Image. Internal format is PF_X8R8G8B8,128x128x1.
19:29:50: Texture: Caustics_20.bmp: Loading 1 faces(PF_R8G8B8,128x128x1) with 5 generated mipmaps from Image. Internal format is PF_X8R8G8B8,128x128x1.
19:29:50: Texture: Caustics_21.bmp: Loading 1 faces(PF_R8G8B8,128x128x1) with 5 generated mipmaps from Image. Internal format is PF_X8R8G8B8,128x128x1.
19:29:50: Texture: Caustics_22.bmp: Loading 1 faces(PF_R8G8B8,128x128x1) with 5 generated mipmaps from Image. Internal format is PF_X8R8G8B8,128x128x1.
19:29:50: Texture: Caustics_23.bmp: Loading 1 faces(PF_R8G8B8,128x128x1) with 5 generated mipmaps from Image. Internal format is PF_X8R8G8B8,128x128x1.
19:29:50: Texture: Caustics_24.bmp: Loading 1 faces(PF_R8G8B8,128x128x1) with 5 generated mipmaps from Image. Internal format is PF_X8R8G8B8,128x128x1.
19:29:50: Texture: Caustics_25.bmp: Loading 1 faces(PF_R8G8B8,128x128x1) with 5 generated mipmaps from Image. Internal format is PF_X8R8G8B8,128x128x1.
19:29:50: Texture: Caustics_26.bmp: Loading 1 faces(PF_R8G8B8,128x128x1) with 5 generated mipmaps from Image. Internal format is PF_X8R8G8B8,128x128x1.
19:29:50: Texture: Caustics_27.bmp: Loading 1 faces(PF_R8G8B8,128x128x1) with 5 generated mipmaps from Image. Internal format is PF_X8R8G8B8,128x128x1.
19:29:50: Texture: Caustics_28.bmp: Loading 1 faces(PF_R8G8B8,128x128x1) with 5 generated mipmaps from Image. Internal format is PF_X8R8G8B8,128x128x1.
19:29:50: Texture: Caustics_29.bmp: Loading 1 faces(PF_R8G8B8,128x128x1) with 5 generated mipmaps from Image. Internal format is PF_X8R8G8B8,128x128x1.
19:29:50: Texture: Caustics_30.bmp: Loading 1 faces(PF_R8G8B8,128x128x1) with 5 generated mipmaps from Image. Internal format is PF_X8R8G8B8,128x128x1.
19:29:50: Texture: Caustics_31.bmp: Loading 1 faces(PF_R8G8B8,128x128x1) with 5 generated mipmaps from Image. Internal format is PF_X8R8G8B8,128x128x1.
19:29:50: [Hydrax] Depth material created.
19:29:50: [Hydrax] Creating underwater material...
19:29:50: GLSL compiling: _Hydrax_Underwater_Shader_VP
19:29:50: GLSL compiled : _Hydrax_Underwater_Shader_VP
19:29:50: GLSL compiling: _Hydrax_Underwater_Shader_FP
19:29:50: GLSL compiled : _Hydrax_Underwater_Shader_FP
19:29:50: GLSL compiling: _Hydrax_Underwater_Compositor_Shader_VP
19:29:50: GLSL compiled : _Hydrax_Underwater_Compositor_Shader_VP
19:29:50: GLSL compiling: _Hydrax_Underwater_Compositor_Shader_FP
19:29:50: GLSL compiled : _Hydrax_Underwater_Compositor_Shader_FP
19:29:50: Texture: UnderwaterDistortion.jpg: Loading 1 faces(PF_R8G8B8,256x256x1) with 5 generated mipmaps from Image. Internal format is PF_X8R8G8B8,256x256x1.
19:29:50: [Hydrax] Underwater material created.
19:29:50: [Hydrax] Materials created.
19:29:50: [Hydrax] Creating god rays...
19:29:50: [Hydrax] Perlin destroyed.
19:29:50: GLSL compiling: _Hydrax_GodRays_VP
19:29:50: GLSL compiled : _Hydrax_GodRays_VP
19:29:50: GLSL compiling: _Hydrax_GodRays_FP
19:29:50: GLSL compiled : _Hydrax_GodRays_FP
19:29:50: [Hydrax] God rays created.
19:29:50: [Hydrax] Creating water mesh...
19:29:50: [Hydrax] Water mesh created.
19:29:50: TerrainSceneManager: Activated PageSource Heightmap
19:29:50: Texture: Sand.tga: Loading 1 faces(PF_R8G8B8,512x512x1) with 5 generated mipmaps from Image. Internal format is PF_X8R8G8B8,512x512x1.
19:29:50: Texture: Sand.png: Loading 1 faces(PF_R8G8B8,512x512x1) with 5 generated mipmaps from Image. Internal format is PF_X8R8G8B8,512x512x1.
19:29:50: Texture: SandGrass.tga: Loading 1 faces(PF_A8R8G8B8,1024x1024x1) with 5 generated mipmaps from Image. Internal format is PF_A8R8G8B8,1024x1024x1.
19:29:50: Texture: SandGrass.png: Loading 1 faces(PF_R8G8B8,1024x1024x1) with 5 generated mipmaps from Image. Internal format is PF_X8R8G8B8,1024x1024x1.
19:29:50: Mesh: Loading Palm.mesh.
19:29:50: WARNING: Palm.mesh is an older format ([MeshSerializer_v1.40]); you should upgrade it as soon as possible using the OgreMeshUpgrade tool.
19:29:50: Texture: Palm.tga: Loading 1 faces(PF_A8R8G8B8,512x512x1) with 5 generated mipmaps from Image. Internal format is PF_A8R8G8B8,512x512x1.
19:29:50: *** Initializing OIS ***
19:29:50: GLSL link result : 
19:29:50: GLSL link result : 
19:29:50: GLSL link result : 
19:29:50: Font BlueHighwayusing texture size 512x512
19:29:50: Info: Freetype returned null for character 127 in font BlueHighway
19:29:50: Info: Freetype returned null for character 128 in font BlueHighway
19:29:50: Info: Freetype returned null for character 129 in font BlueHighway
19:29:50: Info: Freetype returned null for character 130 in font BlueHighway
19:29:50: Info: Freetype returned null for character 131 in font BlueHighway
19:29:50: Info: Freetype returned null for character 132 in font BlueHighway
19:29:50: Info: Freetype returned null for character 133 in font BlueHighway
19:29:50: Info: Freetype returned null for character 134 in font BlueHighway
19:29:50: Info: Freetype returned null for character 135 in font BlueHighway
19:29:50: Info: Freetype returned null for character 136 in font BlueHighway
19:29:50: Info: Freetype returned null for character 137 in font BlueHighway
19:29:50: Info: Freetype returned null for character 138 in font BlueHighway
19:29:50: Info: Freetype returned null for character 139 in font BlueHighway
19:29:50: Info: Freetype returned null for character 140 in font BlueHighway
19:29:50: Info: Freetype returned null for character 141 in font BlueHighway
19:29:50: Info: Freetype returned null for character 142 in font BlueHighway
19:29:50: Info: Freetype returned null for character 143 in font BlueHighway
19:29:50: Info: Freetype returned null for character 144 in font BlueHighway
19:29:50: Info: Freetype returned null for character 145 in font BlueHighway
19:29:50: Info: Freetype returned null for character 146 in font BlueHighway
19:29:50: Info: Freetype returned null for character 147 in font BlueHighway
19:29:50: Info: Freetype returned null for character 148 in font BlueHighway
19:29:50: Info: Freetype returned null for character 149 in font BlueHighway
19:29:50: Info: Freetype returned null for character 150 in font BlueHighway
19:29:50: Info: Freetype returned null for character 151 in font BlueHighway
19:29:50: Info: Freetype returned null for character 152 in font BlueHighway
19:29:50: Info: Freetype returned null for character 153 in font BlueHighway
19:29:50: Info: Freetype returned null for character 154 in font BlueHighway
19:29:50: Info: Freetype returned null for character 155 in font BlueHighway
19:29:50: Info: Freetype returned null for character 156 in font BlueHighway
19:29:50: Info: Freetype returned null for character 157 in font BlueHighway
19:29:50: Info: Freetype returned null for character 158 in font BlueHighway
19:29:50: Info: Freetype returned null for character 159 in font BlueHighway
19:29:50: Info: Freetype returned null for character 160 in font BlueHighway
19:29:50: Texture: BlueHighwayTexture: Loading 1 faces(PF_BYTE_LA,512x512x1) with 0 generated mipmaps from Image. Internal format is PF_BYTE_LA,512x512x1.
19:29:50: GLSL link result : 
19:32:41: DefaultWorkQueue('Root') shutting down on thread 0x1145800.
19:32:41: DefaultWorkQueue('Root')::WorkerFunc - thread 0x1409550 stopped.
19:32:41: DefaultWorkQueue('Root')::WorkerFunc - thread 0x11b5770 stopped.
19:32:41: DefaultWorkQueue('Root')::WorkerFunc - thread 0x14125c0 stopped.
19:32:41: DefaultWorkQueue('Root')::WorkerFunc - thread 0x1403260 stopped.
19:32:41: *-*-* OGRE Shutdown
19:32:41: Unregistering ResourceManager for type Compositor
19:32:41: Unregistering ResourceManager for type Font
19:32:41: Unregistering ResourceManager for type Skeleton
19:32:41: Unregistering ResourceManager for type Mesh
19:32:41: Unregistering ResourceManager for type HighLevelGpuProgram
19:32:41: Uninstalling plugin: Octree & Terrain Scene Manager
19:32:41: Plugin successfully uninstalled
19:32:41: Unloading library /usr/lib/OGRE/Plugin_OctreeSceneManager.so
19:32:41: Uninstalling plugin: GL RenderSystem
19:32:41: Unregistering ResourceManager for type GpuProgram
19:32:41: ******************************
*** Stopping GLX Subsystem ***
******************************
19:32:41: Unregistering ResourceManager for type Texture
19:32:41: Plugin successfully uninstalled
19:32:41: Unloading library /usr/lib/OGRE/RenderSystem_GL.so
19:32:41: Unregistering ResourceManager for type Material
